2023-05-30T23:00:04.440  WARN --- [-functhread3] hypercorn.error            : ASGI Framework Lifespan error, continuing without Lifespan support
2023-05-30T23:00:04.440  WARN --- [-functhread3] hypercorn.error            : ASGI Framework Lifespan error, continuing without Lifespan support
2023-05-30T23:00:04.452  INFO --- [-functhread3] hypercorn.error            : Running on https://0.0.0.0:4566 (CTRL + C to quit)
2023-05-30T23:00:04.452  INFO --- [-functhread3] hypercorn.error            : Running on https://0.0.0.0:4566 (CTRL + C to quit)
2023-05-30T23:01:53.224  INFO --- [   asgi_gw_0] localstack.utils.bootstrap : Execution of "_load_service_plugin" took 639.41ms
2023-05-30T23:01:53.225  INFO --- [   asgi_gw_0] localstack.utils.bootstrap : Execution of "require" took 641.22ms
2023-05-30T23:01:53.479  INFO --- [   asgi_gw_0] localstack.request.aws     : AWS ssm.GetParametersByPath => 200
2023-05-30T23:01:53.522  INFO --- [   asgi_gw_0] localstack.request.aws     : AWS ssm.GetParametersByPath => 200
2023-05-30T23:01:53.539  INFO --- [   asgi_gw_0] localstack.request.aws     : AWS ssm.GetParametersByPath => 200
2023-05-30T23:01:53.555  INFO --- [   asgi_gw_0] localstack.request.aws     : AWS ssm.GetParametersByPath => 200
2023-05-30T23:01:54.021  INFO --- [   asgi_gw_0] localstack.request.aws     : AWS secretsmanager.GetSecretValue => 400 (ResourceNotFoundException)
2023-05-30T23:03:15.408  INFO --- [   asgi_gw_0] localstack.request.aws     : AWS ssm.PutParameter => 200
2023-05-30T23:03:22.123  INFO --- [   asgi_gw_0] localstack.request.aws     : AWS ssm.PutParameter => 400 (ParameterAlreadyExists)
2023-05-30T23:03:28.006  INFO --- [   asgi_gw_1] localstack.request.aws     : AWS ssm.PutParameter => 400 (ParameterAlreadyExists)
2023-05-31T15:11:14.808  INFO --- [   asgi_gw_0] localstack.request.aws     : AWS ssm.GetParametersByPath => 200
2023-05-31T15:11:14.830  INFO --- [   asgi_gw_1] localstack.request.aws     : AWS ssm.GetParametersByPath => 200
2023-05-31T15:11:14.838  INFO --- [   asgi_gw_0] localstack.request.aws     : AWS ssm.GetParametersByPath => 200
2023-05-31T15:11:14.845  INFO --- [   asgi_gw_1] localstack.request.aws     : AWS ssm.GetParametersByPath => 200
2023-05-31T15:11:14.863  INFO --- [   asgi_gw_0] localstack.request.aws     : AWS secretsmanager.GetSecretValue => 400 (ResourceNotFoundException)
2023-05-31T15:11:35.070  INFO --- [   asgi_gw_1] localstack.request.aws     : AWS ssm.GetParametersByPath => 200
2023-05-31T15:11:35.091  INFO --- [   asgi_gw_0] localstack.request.aws     : AWS ssm.GetParametersByPath => 200
2023-05-31T15:11:35.098  INFO --- [   asgi_gw_1] localstack.request.aws     : AWS ssm.GetParametersByPath => 200
2023-05-31T15:11:35.105  INFO --- [   asgi_gw_0] localstack.request.aws     : AWS ssm.GetParametersByPath => 200
2023-05-31T15:11:35.118  INFO --- [   asgi_gw_1] localstack.request.aws     : AWS secretsmanager.GetSecretValue => 400 (ResourceNotFoundException)
2023-05-31T15:12:04.281  INFO --- [   asgi_gw_1] localstack.request.aws     : AWS ssm.PutParameter => 400 (ParameterAlreadyExists)
2023-05-31T15:12:36.160  INFO --- [   asgi_gw_1] localstack.request.aws     : AWS ssm.PutParameter => 200
2023-05-31T15:12:45.312  INFO --- [   asgi_gw_1] localstack.request.aws     : AWS ssm.PutParameter => 200
2023-05-31T15:12:57.373  INFO --- [   asgi_gw_1] localstack.request.aws     : AWS secretsmanager.CreateSecret => 200
2023-05-31T15:13:08.272  INFO --- [   asgi_gw_1] localstack.request.aws     : AWS ssm.GetParametersByPath => 200
2023-05-31T15:13:08.293  INFO --- [   asgi_gw_0] localstack.request.aws     : AWS ssm.GetParametersByPath => 200
2023-05-31T15:13:08.301  INFO --- [   asgi_gw_1] localstack.request.aws     : AWS ssm.GetParametersByPath => 200
2023-05-31T15:13:08.308  INFO --- [   asgi_gw_0] localstack.request.aws     : AWS ssm.GetParametersByPath => 200
2023-05-31T15:13:08.322  INFO --- [   asgi_gw_1] localstack.request.aws     : AWS secretsmanager.GetSecretValue => 200
2023-05-31T15:13:08.334  INFO --- [   asgi_gw_0] localstack.request.aws     : AWS secretsmanager.GetSecretValue => 400 (ResourceNotFoundException)
2023-05-31T15:13:20.243  INFO --- [   asgi_gw_0] localstack.request.aws     : AWS secretsmanager.CreateSecret => 200
2023-05-31T15:13:28.440  INFO --- [   asgi_gw_0] localstack.request.aws     : AWS secretsmanager.CreateSecret => 200
2023-05-31T15:13:36.697  INFO --- [   asgi_gw_0] localstack.request.aws     : AWS secretsmanager.CreateSecret => 200
2023-05-31T15:13:46.482  INFO --- [   asgi_gw_0] localstack.request.aws     : AWS secretsmanager.CreateSecret => 400 (ResourceExistsException)
2023-05-31T15:13:53.110  INFO --- [uncthread993] l.services.motoserver      : starting moto server on http://0.0.0.0:45831
2023-05-31T15:13:53.113  INFO --- [   asgi_gw_1] localstack.services.infra  : Starting mock S3 service on http port 4566 ...
2023-05-31T15:13:53.236  INFO --- [   asgi_gw_1] localstack.request.aws     : AWS s3.CreateBucket => 200
2023-05-31T15:14:10.517  INFO --- [   asgi_gw_1] localstack.request.aws     : AWS s3.CreateBucket => 200
2023-05-31T15:14:16.567  INFO --- [   asgi_gw_1] localstack.request.aws     : AWS s3.CreateBucket => 200
2023-05-31T15:14:53.361  INFO --- [   asgi_gw_1] localstack.request.aws     : AWS ssm.GetParametersByPath => 200
2023-05-31T15:14:53.382  INFO --- [   asgi_gw_0] localstack.request.aws     : AWS ssm.GetParametersByPath => 200
2023-05-31T15:14:53.390  INFO --- [   asgi_gw_1] localstack.request.aws     : AWS ssm.GetParametersByPath => 200
2023-05-31T15:14:53.396  INFO --- [   asgi_gw_0] localstack.request.aws     : AWS ssm.GetParametersByPath => 200
2023-05-31T15:14:53.409  INFO --- [   asgi_gw_1] localstack.request.aws     : AWS secretsmanager.GetSecretValue => 200
2023-05-31T15:14:53.420  INFO --- [   asgi_gw_0] localstack.request.aws     : AWS secretsmanager.GetSecretValue => 200
2023-05-31T15:14:53.427  INFO --- [   asgi_gw_1] localstack.request.aws     : AWS secretsmanager.GetSecretValue => 200
2023-05-31T15:14:53.435  INFO --- [   asgi_gw_0] localstack.request.aws     : AWS secretsmanager.GetSecretValue => 200
2023-05-31T15:16:43.162  INFO --- [   asgi_gw_0] localstack.request.aws     : AWS ssm.GetParametersByPath => 200
2023-05-31T15:16:43.185  INFO --- [   asgi_gw_1] localstack.request.aws     : AWS ssm.GetParametersByPath => 200
2023-05-31T15:16:43.193  INFO --- [   asgi_gw_0] localstack.request.aws     : AWS ssm.GetParametersByPath => 200
2023-05-31T15:16:43.203  INFO --- [   asgi_gw_1] localstack.request.aws     : AWS ssm.GetParametersByPath => 200
2023-05-31T15:16:43.277  INFO --- [   asgi_gw_0] localstack.request.aws     : AWS secretsmanager.GetSecretValue => 200
2023-05-31T15:16:43.288  INFO --- [   asgi_gw_1] localstack.request.aws     : AWS secretsmanager.GetSecretValue => 200
2023-05-31T15:16:43.295  INFO --- [   asgi_gw_0] localstack.request.aws     : AWS secretsmanager.GetSecretValue => 200
2023-05-31T15:16:43.304  INFO --- [   asgi_gw_1] localstack.request.aws     : AWS secretsmanager.GetSecretValue => 200
2023-05-31T15:17:20.348  INFO --- [   asgi_gw_1] localstack.request.aws     : AWS ssm.GetParametersByPath => 200
2023-05-31T15:17:20.371  INFO --- [   asgi_gw_0] localstack.request.aws     : AWS ssm.GetParametersByPath => 200
2023-05-31T15:17:20.378  INFO --- [   asgi_gw_1] localstack.request.aws     : AWS ssm.GetParametersByPath => 200
2023-05-31T15:17:20.385  INFO --- [   asgi_gw_0] localstack.request.aws     : AWS ssm.GetParametersByPath => 200
2023-05-31T15:17:20.399  INFO --- [   asgi_gw_1] localstack.request.aws     : AWS secretsmanager.GetSecretValue => 200
2023-05-31T15:17:20.410  INFO --- [   asgi_gw_0] localstack.request.aws     : AWS secretsmanager.GetSecretValue => 200
2023-05-31T15:17:20.419  INFO --- [   asgi_gw_1] localstack.request.aws     : AWS secretsmanager.GetSecretValue => 200
2023-05-31T15:17:20.429  INFO --- [   asgi_gw_0] localstack.request.aws     : AWS secretsmanager.GetSecretValue => 200
2023-05-31T16:24:07.464  INFO --- [   asgi_gw_1] localstack.request.aws     : AWS ssm.GetParametersByPath => 200
2023-05-31T16:24:07.492  INFO --- [   asgi_gw_0] localstack.request.aws     : AWS ssm.GetParametersByPath => 200
2023-05-31T16:24:07.500  INFO --- [   asgi_gw_1] localstack.request.aws     : AWS ssm.GetParametersByPath => 200
2023-05-31T16:24:07.510  INFO --- [   asgi_gw_0] localstack.request.aws     : AWS ssm.GetParametersByPath => 200
2023-05-31T16:24:07.578  INFO --- [   asgi_gw_1] localstack.request.aws     : AWS secretsmanager.GetSecretValue => 200
2023-05-31T16:24:07.596  INFO --- [   asgi_gw_0] localstack.request.aws     : AWS secretsmanager.GetSecretValue => 200
2023-05-31T16:24:07.609  INFO --- [   asgi_gw_1] localstack.request.aws     : AWS secretsmanager.GetSecretValue => 200
2023-05-31T16:24:07.621  INFO --- [   asgi_gw_0] localstack.request.aws     : AWS secretsmanager.GetSecretValue => 200
2023-05-31T16:24:14.687  INFO --- [   asgi_gw_1] localstack.request.aws     : AWS s3.PutObject => 200
2023-05-31T16:26:26.457  INFO --- [   asgi_gw_1] localstack.request.aws     : AWS s3.CreateBucket => 200
2023-05-31T16:26:59.502  INFO --- [   asgi_gw_1] localstack.request.aws     : AWS s3.ListObjectsV2 => 200
2023-05-31T16:33:26.897  INFO --- [   asgi_gw_0] localstack.request.aws     : AWS s3.PutObject => 200
2023-05-31T16:33:27.719  INFO --- [   asgi_gw_1] localstack.request.aws     : AWS s3.PutObject => 200
2023-05-31T16:33:28.538  INFO --- [   asgi_gw_0] localstack.request.aws     : AWS s3.PutObject => 200
2023-05-31T16:33:29.264  INFO --- [   asgi_gw_1] localstack.request.aws     : AWS s3.PutObject => 200
2023-05-31T16:33:29.983  INFO --- [   asgi_gw_0] localstack.request.aws     : AWS s3.PutObject => 200
2023-05-31T16:33:42.496  INFO --- [   asgi_gw_0] localstack.request.aws     : AWS s3.ListObjectsV2 => 200
2023-05-31T16:34:24.135  INFO --- [   asgi_gw_1] localstack.request.aws     : AWS s3.PutObject => 200
2023-05-31T16:34:28.008  INFO --- [   asgi_gw_0] localstack.request.aws     : AWS s3.PutObject => 200
2023-05-31T16:34:35.876  INFO --- [   asgi_gw_1] localstack.request.aws     : AWS s3.PutObject => 200
2023-05-31T16:34:37.017  INFO --- [   asgi_gw_1] localstack.request.aws     : AWS s3.PutObject => 200
2023-05-31T16:34:37.729  INFO --- [   asgi_gw_0] localstack.request.aws     : AWS s3.PutObject => 200
2023-05-31T16:34:38.507  INFO --- [   asgi_gw_1] localstack.request.aws     : AWS s3.PutObject => 200
2023-05-31T16:34:39.172  INFO --- [   asgi_gw_0] localstack.request.aws     : AWS s3.PutObject => 200
2023-05-31T16:34:39.829  INFO --- [   asgi_gw_1] localstack.request.aws     : AWS s3.PutObject => 200
2023-05-31T16:34:40.437  INFO --- [   asgi_gw_0] localstack.request.aws     : AWS s3.PutObject => 200
2023-05-31T16:34:40.995  INFO --- [   asgi_gw_1] localstack.request.aws     : AWS s3.PutObject => 200
2023-05-31T16:34:51.277  INFO --- [   asgi_gw_1] localstack.request.aws     : AWS s3.ListObjects => 200
2023-05-31T16:34:53.937  INFO --- [   asgi_gw_0] localstack.request.aws     : AWS s3.ListObjects => 200
2023-05-31T16:34:57.409  INFO --- [   asgi_gw_1] localstack.request.aws     : AWS s3.ListObjects => 200
2023-05-31T16:34:59.802  INFO --- [   asgi_gw_1] localstack.request.aws     : AWS s3.ListObjects => 200
2023-05-31T16:35:03.446  INFO --- [   asgi_gw_0] localstack.request.aws     : AWS s3.ListObjects => 200
2023-05-31T16:35:23.937  INFO --- [   asgi_gw_1] localstack.request.aws     : AWS s3.ListObjects => 200
2023-05-31T16:35:27.502  INFO --- [   asgi_gw_0] localstack.request.aws     : AWS s3.ListObjects => 200
2023-05-31T16:35:31.551  INFO --- [   asgi_gw_1] localstack.request.aws     : AWS s3.ListObjects => 200
2023-05-31T16:35:36.693  INFO --- [   asgi_gw_0] localstack.request.aws     : AWS s3.ListObjects => 200
2023-05-31T16:36:50.925  INFO --- [   asgi_gw_0] localstack.request.aws     : AWS s3.ListObjects => 200
2023-05-31T16:37:05.548  INFO --- [   asgi_gw_0] localstack.request.aws     : AWS s3.HeadObject => 200
2023-05-31T16:37:05.575  INFO --- [   asgi_gw_1] localstack.request.aws     : AWS s3.GetObject => 200
2023-05-31T16:37:14.657  INFO --- [   asgi_gw_1] localstack.request.aws     : AWS s3.ListObjects => 200
2023-05-31T16:37:17.873  INFO --- [   asgi_gw_0] localstack.request.aws     : AWS s3.ListObjects => 200
2023-05-31T16:37:48.175  INFO --- [   asgi_gw_1] localstack.request.aws     : AWS s3.HeadObject => 200
2023-05-31T16:37:48.195  INFO --- [   asgi_gw_0] localstack.request.aws     : AWS s3.GetObject => 200
2023-05-31T16:37:49.303  INFO --- [   asgi_gw_1] localstack.request.aws     : AWS s3.HeadObject => 200
2023-05-31T16:37:49.322  INFO --- [   asgi_gw_0] localstack.request.aws     : AWS s3.GetObject => 200
2023-05-31T16:37:54.387  INFO --- [   asgi_gw_0] localstack.request.aws     : AWS s3.HeadObject => 200
2023-05-31T16:37:54.415  INFO --- [   asgi_gw_1] localstack.request.aws     : AWS s3.GetObject => 200
